2021-06-28 08:54:34,079 INFO o.a.j.u.JMeterUtils: Setting Locale to en_EN
2021-06-28 08:54:34,094 INFO o.a.j.JMeter: Loading user properties from: user.properties
2021-06-28 08:54:34,097 INFO o.a.j.JMeter: Loading system properties from: system.properties
2021-06-28 08:54:34,108 INFO o.a.j.JMeter: Copyright (c) 1998-2021 The Apache Software Foundation
2021-06-28 08:54:34,108 INFO o.a.j.JMeter: Version 5.4.1
2021-06-28 08:54:34,108 INFO o.a.j.JMeter: java.version=1.8.0_291
2021-06-28 08:54:34,108 INFO o.a.j.JMeter: java.vm.name=Java HotSpot(TM) 64-Bit Server VM
2021-06-28 08:54:34,108 INFO o.a.j.JMeter: os.name=Windows 10
2021-06-28 08:54:34,108 INFO o.a.j.JMeter: os.arch=amd64
2021-06-28 08:54:34,108 INFO o.a.j.JMeter: os.version=10.0
2021-06-28 08:54:34,108 INFO o.a.j.JMeter: file.encoding=Cp1256
2021-06-28 08:54:34,108 INFO o.a.j.JMeter: java.awt.headless=null
2021-06-28 08:54:34,108 INFO o.a.j.JMeter: Max memory     =1073741824
2021-06-28 08:54:34,108 INFO o.a.j.JMeter: Available Processors =6
2021-06-28 08:54:34,114 INFO o.a.j.JMeter: Default Locale=English (EN)
2021-06-28 08:54:34,114 INFO o.a.j.JMeter: JMeter  Locale=English (EN)
2021-06-28 08:54:34,114 INFO o.a.j.JMeter: JMeterHome=C:\jmeter
2021-06-28 08:54:34,114 INFO o.a.j.JMeter: user.dir  =C:\jmeter\bin
2021-06-28 08:54:34,115 INFO o.a.j.JMeter: PWD       =C:\jmeter\bin
2021-06-28 08:54:38,802 INFO o.a.j.JMeter: IP: 172.31.160.1 Name: Krj-karami FullName: Krj-karami.asax.local
2021-06-28 08:54:38,933 INFO o.a.j.JMeter: Setting LAF to: com.github.weisj.darklaf.DarkLaf:com.github.weisj.darklaf.theme.DarculaTheme
2021-06-28 08:54:39,358 INFO o.a.j.JMeter: Loaded icon properties from org/apache/jmeter/images/icon.properties
2021-06-28 08:54:41,893 WARN o.a.j.r.ClassFinder: Can not open the jar C:\jmeter\lib\ext\mqtt-xmeter-2.0.2-jar-with-dependencies.jar, message: error in opening zip file
java.util.zip.ZipException: error in opening zip file
	at java.util.zip.ZipFile.open(Native Method) ~[?:1.8.0_291]
	at java.util.zip.ZipFile.<init>(Unknown Source) ~[?:1.8.0_291]
	at java.util.zip.ZipFile.<init>(Unknown Source) ~[?:1.8.0_291]
	at java.util.zip.ZipFile.<init>(Unknown Source) ~[?:1.8.0_291]
	at org.apache.jorphan.reflect.ClassFinder.findClassesInOnePath(ClassFinder.java:359) [jorphan.jar:5.4.1]
	at org.apache.jorphan.reflect.ClassFinder.findClasses(ClassFinder.java:326) [jorphan.jar:5.4.1]
	at org.apache.jorphan.reflect.ClassFinder.findClassesThatExtend(ClassFinder.java:299) [jorphan.jar:5.4.1]
	at org.apache.jmeter.gui.action.ActionRouter.findClassesThatExtend(ActionRouter.java:314) [ApacheJMeter_core.jar:5.4.1]
	at org.apache.jmeter.gui.action.ActionRouter.populateCommandMap(ActionRouter.java:350) [ApacheJMeter_core.jar:5.4.1]
	at org.apache.jmeter.JMeter.startGui(JMeter.java:402) [ApacheJMeter_core.jar:5.4.1]
	at org.apache.jmeter.JMeter.start(JMeter.java:560) [ApacheJMeter_core.jar:5.4.1]
	at sun.reflect.NativeMethodAccessorImpl.invoke0(Native Method) ~[?:1.8.0_291]
	at sun.reflect.NativeMethodAccessorImpl.invoke(Unknown Source) ~[?:1.8.0_291]
	at sun.reflect.DelegatingMethodAccessorImpl.invoke(Unknown Source) ~[?:1.8.0_291]
	at java.lang.reflect.Method.invoke(Unknown Source) ~[?:1.8.0_291]
	at org.apache.jmeter.NewDriver.main(NewDriver.java:254) [ApacheJMeter.jar:5.4.1]
2021-06-28 08:54:42,291 WARN o.a.j.r.ClassFinder: Can not open the jar C:\jmeter\lib\ext\mqtt-xmeter-2.0.2-jar-with-dependencies.jar, message: error in opening zip file
java.util.zip.ZipException: error in opening zip file
	at java.util.zip.ZipFile.open(Native Method) ~[?:1.8.0_291]
	at java.util.zip.ZipFile.<init>(Unknown Source) ~[?:1.8.0_291]
	at java.util.zip.ZipFile.<init>(Unknown Source) ~[?:1.8.0_291]
	at java.util.zip.ZipFile.<init>(Unknown Source) ~[?:1.8.0_291]
	at org.apache.jorphan.reflect.ClassFinder.findClassesInOnePath(ClassFinder.java:359) [jorphan.jar:5.4.1]
	at org.apache.jorphan.reflect.ClassFinder.findClasses(ClassFinder.java:326) [jorphan.jar:5.4.1]
	at org.apache.jorphan.reflect.ClassFinder.findClassesThatExtend(ClassFinder.java:299) [jorphan.jar:5.4.1]
	at org.apache.jorphan.reflect.ClassFinder.findClassesThatExtend(ClassFinder.java:231) [jorphan.jar:5.4.1]
	at org.apache.jorphan.reflect.ClassFinder.findClassesThatExtend(ClassFinder.java:213) [jorphan.jar:5.4.1]
	at org.apache.jorphan.reflect.ClassFinder.findClassesThatExtend(ClassFinder.java:182) [jorphan.jar:5.4.1]
	at org.apache.jmeter.gui.util.JMeterMenuBar.findMenuCreators(JMeterMenuBar.java:223) [ApacheJMeter_core.jar:5.4.1]
	at org.apache.jmeter.gui.util.JMeterMenuBar.createMenuBar(JMeterMenuBar.java:196) [ApacheJMeter_core.jar:5.4.1]
	at org.apache.jmeter.gui.util.JMeterMenuBar.<init>(JMeterMenuBar.java:117) [ApacheJMeter_core.jar:5.4.1]
	at org.apache.jmeter.gui.MainFrame.init(MainFrame.java:515) [ApacheJMeter_core.jar:5.4.1]
	at org.apache.jmeter.gui.MainFrame.<init>(MainFrame.java:232) [ApacheJMeter_core.jar:5.4.1]
	at org.apache.jmeter.JMeter.startGui(JMeter.java:410) [ApacheJMeter_core.jar:5.4.1]
	at org.apache.jmeter.JMeter.start(JMeter.java:560) [ApacheJMeter_core.jar:5.4.1]
	at sun.reflect.NativeMethodAccessorImpl.invoke0(Native Method) ~[?:1.8.0_291]
	at sun.reflect.NativeMethodAccessorImpl.invoke(Unknown Source) ~[?:1.8.0_291]
	at sun.reflect.DelegatingMethodAccessorImpl.invoke(Unknown Source) ~[?:1.8.0_291]
	at java.lang.reflect.Method.invoke(Unknown Source) ~[?:1.8.0_291]
	at org.apache.jmeter.NewDriver.main(NewDriver.java:254) [ApacheJMeter.jar:5.4.1]
2021-06-28 08:54:42,771 INFO o.j.r.JARSourceHTTP: Requesting https://jmeter-plugins.org/repo/?installID=windows_10-ad42927ff0070ed94faa0b09954328fc-gui
2021-06-28 08:54:43,547 WARN o.a.j.r.ClassFinder: Can not open the jar C:\jmeter\lib\ext\mqtt-xmeter-2.0.2-jar-with-dependencies.jar, message: error in opening zip file
java.util.zip.ZipException: error in opening zip file
	at java.util.zip.ZipFile.open(Native Method) ~[?:1.8.0_291]
	at java.util.zip.ZipFile.<init>(Unknown Source) ~[?:1.8.0_291]
	at java.util.zip.ZipFile.<init>(Unknown Source) ~[?:1.8.0_291]
	at java.util.zip.ZipFile.<init>(Unknown Source) ~[?:1.8.0_291]
	at org.apache.jorphan.reflect.ClassFinder.findClassesInOnePath(ClassFinder.java:359) ~[jorphan.jar:5.4.1]
	at org.apache.jorphan.reflect.ClassFinder.findClasses(ClassFinder.java:326) ~[jorphan.jar:5.4.1]
	at org.apache.jorphan.reflect.ClassFinder.findClassesThatExtend(ClassFinder.java:299) ~[jorphan.jar:5.4.1]
	at org.apache.jorphan.reflect.ClassFinder.findClassesThatExtend(ClassFinder.java:231) ~[jorphan.jar:5.4.1]
	at org.apache.jorphan.reflect.ClassFinder.findClassesThatExtend(ClassFinder.java:213) ~[jorphan.jar:5.4.1]
	at org.apache.jorphan.reflect.ClassFinder.findClassesThatExtend(ClassFinder.java:182) ~[jorphan.jar:5.4.1]
	at org.apache.jmeter.gui.util.MenuFactory.initializeMenus(MenuFactory.java:128) ~[ApacheJMeter_core.jar:5.4.1]
	at org.apache.jmeter.gui.util.MenuFactory.<clinit>(MenuFactory.java:107) ~[ApacheJMeter_core.jar:5.4.1]
	at org.apache.jmeter.control.gui.TestPlanGui.createPopupMenu(TestPlanGui.java:94) ~[ApacheJMeter_core.jar:5.4.1]
	at org.apache.jmeter.gui.tree.JMeterTreeNode.createPopupMenu(JMeterTreeNode.java:184) ~[ApacheJMeter_core.jar:5.4.1]
	at org.apache.jmeter.gui.action.EditCommand.doAction(EditCommand.java:46) ~[ApacheJMeter_core.jar:5.4.1]
	at org.apache.jmeter.gui.action.ActionRouter.performAction(ActionRouter.java:87) ~[ApacheJMeter_core.jar:5.4.1]
	at org.apache.jmeter.gui.action.ActionRouter.lambda$actionPerformed$0(ActionRouter.java:69) ~[ApacheJMeter_core.jar:5.4.1]
	at java.awt.event.InvocationEvent.dispatch(Unknown Source) ~[?:1.8.0_291]
	at java.awt.EventQueue.dispatchEventImpl(Unknown Source) ~[?:1.8.0_291]
	at java.awt.EventQueue.access$500(Unknown Source) ~[?:1.8.0_291]
	at java.awt.EventQueue$3.run(Unknown Source) ~[?:1.8.0_291]
	at java.awt.EventQueue$3.run(Unknown Source) ~[?:1.8.0_291]
	at java.security.AccessController.doPrivileged(Native Method) ~[?:1.8.0_291]
	at java.security.ProtectionDomain$JavaSecurityAccessImpl.doIntersectionPrivilege(Unknown Source) ~[?:1.8.0_291]
	at java.awt.EventQueue.dispatchEvent(Unknown Source) ~[?:1.8.0_291]
	at java.awt.EventDispatchThread.pumpOneEventForFilters(Unknown Source) ~[?:1.8.0_291]
	at java.awt.EventDispatchThread.pumpEventsForFilter(Unknown Source) ~[?:1.8.0_291]
	at java.awt.EventDispatchThread.pumpEventsForFilter(Unknown Source) ~[?:1.8.0_291]
	at java.awt.WaitDispatchSupport$2.run(Unknown Source) ~[?:1.8.0_291]
	at java.awt.WaitDispatchSupport$4.run(Unknown Source) ~[?:1.8.0_291]
	at java.awt.WaitDispatchSupport$4.run(Unknown Source) ~[?:1.8.0_291]
	at java.security.AccessController.doPrivileged(Native Method) ~[?:1.8.0_291]
	at java.awt.WaitDispatchSupport.enter(Unknown Source) ~[?:1.8.0_291]
	at java.awt.Dialog.show(Unknown Source) ~[?:1.8.0_291]
	at java.awt.Component.show(Unknown Source) ~[?:1.8.0_291]
	at java.awt.Component.setVisible(Unknown Source) ~[?:1.8.0_291]
	at java.awt.Window.setVisible(Unknown Source) ~[?:1.8.0_291]
	at java.awt.Dialog.setVisible(Unknown Source) ~[?:1.8.0_291]
	at org.apache.jmeter.SplashScreen.lambda$showScreen$0(SplashScreen.java:95) ~[ApacheJMeter_core.jar:5.4.1]
	at java.awt.event.InvocationEvent.dispatch(Unknown Source) [?:1.8.0_291]
	at java.awt.EventQueue.dispatchEventImpl(Unknown Source) [?:1.8.0_291]
	at java.awt.EventQueue.access$500(Unknown Source) [?:1.8.0_291]
	at java.awt.EventQueue$3.run(Unknown Source) [?:1.8.0_291]
	at java.awt.EventQueue$3.run(Unknown Source) [?:1.8.0_291]
	at java.security.AccessController.doPrivileged(Native Method) ~[?:1.8.0_291]
	at java.security.ProtectionDomain$JavaSecurityAccessImpl.doIntersectionPrivilege(Unknown Source) [?:1.8.0_291]
	at java.awt.EventQueue.dispatchEvent(Unknown Source) [?:1.8.0_291]
	at java.awt.EventDispatchThread.pumpOneEventForFilters(Unknown Source) [?:1.8.0_291]
	at java.awt.EventDispatchThread.pumpEventsForFilter(Unknown Source) [?:1.8.0_291]
	at java.awt.EventDispatchThread.pumpEventsForHierarchy(Unknown Source) [?:1.8.0_291]
	at java.awt.EventDispatchThread.pumpEvents(Unknown Source) [?:1.8.0_291]
	at java.awt.EventDispatchThread.pumpEvents(Unknown Source) [?:1.8.0_291]
	at java.awt.EventDispatchThread.run(Unknown Source) [?:1.8.0_291]
2021-06-28 08:54:43,633 INFO o.a.j.p.h.s.HTTPSamplerBase: Parser for text/html is org.apache.jmeter.protocol.http.parser.LagartoBasedHtmlParser
2021-06-28 08:54:43,633 INFO o.a.j.p.h.s.HTTPSamplerBase: Parser for application/xhtml+xml is org.apache.jmeter.protocol.http.parser.LagartoBasedHtmlParser
2021-06-28 08:54:43,633 INFO o.a.j.p.h.s.HTTPSamplerBase: Parser for application/xml is org.apache.jmeter.protocol.http.parser.LagartoBasedHtmlParser
2021-06-28 08:54:43,634 INFO o.a.j.p.h.s.HTTPSamplerBase: Parser for text/xml is org.apache.jmeter.protocol.http.parser.LagartoBasedHtmlParser
2021-06-28 08:54:43,634 INFO o.a.j.p.h.s.HTTPSamplerBase: Parser for text/vnd.wap.wml is org.apache.jmeter.protocol.http.parser.RegexpHTMLParser
2021-06-28 08:54:43,634 INFO o.a.j.p.h.s.HTTPSamplerBase: Parser for text/css is org.apache.jmeter.protocol.http.parser.CssParser
2021-06-28 08:54:44,133 WARN o.a.j.r.ClassFinder: Can not open the jar C:\jmeter\lib\ext\mqtt-xmeter-2.0.2-jar-with-dependencies.jar, message: error in opening zip file
java.util.zip.ZipException: error in opening zip file
	at java.util.zip.ZipFile.open(Native Method) ~[?:1.8.0_291]
	at java.util.zip.ZipFile.<init>(Unknown Source) ~[?:1.8.0_291]
	at java.util.zip.ZipFile.<init>(Unknown Source) ~[?:1.8.0_291]
	at java.util.zip.ZipFile.<init>(Unknown Source) ~[?:1.8.0_291]
	at org.apache.jorphan.reflect.ClassFinder.findClassesInOnePath(ClassFinder.java:359) ~[jorphan.jar:5.4.1]
	at org.apache.jorphan.reflect.ClassFinder.findClasses(ClassFinder.java:326) ~[jorphan.jar:5.4.1]
	at org.apache.jorphan.reflect.ClassFinder.findClassesThatExtend(ClassFinder.java:299) ~[jorphan.jar:5.4.1]
	at org.apache.jorphan.reflect.ClassFinder.findClassesThatExtend(ClassFinder.java:231) ~[jorphan.jar:5.4.1]
	at org.apache.jorphan.reflect.ClassFinder.findClassesThatExtend(ClassFinder.java:213) ~[jorphan.jar:5.4.1]
	at org.apache.jorphan.reflect.ClassFinder.findClassesThatExtend(ClassFinder.java:182) ~[jorphan.jar:5.4.1]
	at kg.apc.jmeter.dummy.DummyPanel.init(DummyPanel.java:134) ~[jmeter-plugins-dummy-0.4.jar:?]
	at kg.apc.jmeter.modifiers.DummySubPostProcessorGui.<init>(DummySubPostProcessorGui.java:21) ~[jmeter-plugins-dummy-0.4.jar:?]
	at sun.reflect.NativeConstructorAccessorImpl.newInstance0(Native Method) ~[?:1.8.0_291]
	at sun.reflect.NativeConstructorAccessorImpl.newInstance(Unknown Source) ~[?:1.8.0_291]
	at sun.reflect.DelegatingConstructorAccessorImpl.newInstance(Unknown Source) ~[?:1.8.0_291]
	at java.lang.reflect.Constructor.newInstance(Unknown Source) ~[?:1.8.0_291]
	at org.apache.jmeter.gui.util.MenuFactory.getGUIComponent(MenuFactory.java:207) ~[ApacheJMeter_core.jar:5.4.1]
	at org.apache.jmeter.gui.util.MenuFactory.initializeMenus(MenuFactory.java:151) ~[ApacheJMeter_core.jar:5.4.1]
	at org.apache.jmeter.gui.util.MenuFactory.<clinit>(MenuFactory.java:107) ~[ApacheJMeter_core.jar:5.4.1]
	at org.apache.jmeter.control.gui.TestPlanGui.createPopupMenu(TestPlanGui.java:94) ~[ApacheJMeter_core.jar:5.4.1]
	at org.apache.jmeter.gui.tree.JMeterTreeNode.createPopupMenu(JMeterTreeNode.java:184) ~[ApacheJMeter_core.jar:5.4.1]
	at org.apache.jmeter.gui.action.EditCommand.doAction(EditCommand.java:46) ~[ApacheJMeter_core.jar:5.4.1]
	at org.apache.jmeter.gui.action.ActionRouter.performAction(ActionRouter.java:87) ~[ApacheJMeter_core.jar:5.4.1]
	at org.apache.jmeter.gui.action.ActionRouter.lambda$actionPerformed$0(ActionRouter.java:69) ~[ApacheJMeter_core.jar:5.4.1]
	at java.awt.event.InvocationEvent.dispatch(Unknown Source) ~[?:1.8.0_291]
	at java.awt.EventQueue.dispatchEventImpl(Unknown Source) ~[?:1.8.0_291]
	at java.awt.EventQueue.access$500(Unknown Source) ~[?:1.8.0_291]
	at java.awt.EventQueue$3.run(Unknown Source) ~[?:1.8.0_291]
	at java.awt.EventQueue$3.run(Unknown Source) ~[?:1.8.0_291]
	at java.security.AccessController.doPrivileged(Native Method) ~[?:1.8.0_291]
	at java.security.ProtectionDomain$JavaSecurityAccessImpl.doIntersectionPrivilege(Unknown Source) ~[?:1.8.0_291]
	at java.awt.EventQueue.dispatchEvent(Unknown Source) ~[?:1.8.0_291]
	at java.awt.EventDispatchThread.pumpOneEventForFilters(Unknown Source) ~[?:1.8.0_291]
	at java.awt.EventDispatchThread.pumpEventsForFilter(Unknown Source) ~[?:1.8.0_291]
	at java.awt.EventDispatchThread.pumpEventsForFilter(Unknown Source) ~[?:1.8.0_291]
	at java.awt.WaitDispatchSupport$2.run(Unknown Source) ~[?:1.8.0_291]
	at java.awt.WaitDispatchSupport$4.run(Unknown Source) ~[?:1.8.0_291]
	at java.awt.WaitDispatchSupport$4.run(Unknown Source) ~[?:1.8.0_291]
	at java.security.AccessController.doPrivileged(Native Method) ~[?:1.8.0_291]
	at java.awt.WaitDispatchSupport.enter(Unknown Source) ~[?:1.8.0_291]
	at java.awt.Dialog.show(Unknown Source) ~[?:1.8.0_291]
	at java.awt.Component.show(Unknown Source) ~[?:1.8.0_291]
	at java.awt.Component.setVisible(Unknown Source) ~[?:1.8.0_291]
	at java.awt.Window.setVisible(Unknown Source) ~[?:1.8.0_291]
	at java.awt.Dialog.setVisible(Unknown Source) ~[?:1.8.0_291]
	at org.apache.jmeter.SplashScreen.lambda$showScreen$0(SplashScreen.java:95) ~[ApacheJMeter_core.jar:5.4.1]
	at java.awt.event.InvocationEvent.dispatch(Unknown Source) [?:1.8.0_291]
	at java.awt.EventQueue.dispatchEventImpl(Unknown Source) [?:1.8.0_291]
	at java.awt.EventQueue.access$500(Unknown Source) [?:1.8.0_291]
	at java.awt.EventQueue$3.run(Unknown Source) [?:1.8.0_291]
	at java.awt.EventQueue$3.run(Unknown Source) [?:1.8.0_291]
	at java.security.AccessController.doPrivileged(Native Method) ~[?:1.8.0_291]
	at java.security.ProtectionDomain$JavaSecurityAccessImpl.doIntersectionPrivilege(Unknown Source) [?:1.8.0_291]
	at java.awt.EventQueue.dispatchEvent(Unknown Source) [?:1.8.0_291]
	at java.awt.EventDispatchThread.pumpOneEventForFilters(Unknown Source) [?:1.8.0_291]
	at java.awt.EventDispatchThread.pumpEventsForFilter(Unknown Source) [?:1.8.0_291]
	at java.awt.EventDispatchThread.pumpEventsForHierarchy(Unknown Source) [?:1.8.0_291]
	at java.awt.EventDispatchThread.pumpEvents(Unknown Source) [?:1.8.0_291]
	at java.awt.EventDispatchThread.pumpEvents(Unknown Source) [?:1.8.0_291]
	at java.awt.EventDispatchThread.run(Unknown Source) [?:1.8.0_291]
2021-06-28 08:54:44,235 WARN o.a.j.r.ClassFinder: Can not open the jar C:\jmeter\lib\ext\mqtt-xmeter-2.0.2-jar-with-dependencies.jar, message: error in opening zip file
java.util.zip.ZipException: error in opening zip file
	at java.util.zip.ZipFile.open(Native Method) ~[?:1.8.0_291]
	at java.util.zip.ZipFile.<init>(Unknown Source) ~[?:1.8.0_291]
	at java.util.zip.ZipFile.<init>(Unknown Source) ~[?:1.8.0_291]
	at java.util.zip.ZipFile.<init>(Unknown Source) ~[?:1.8.0_291]
	at org.apache.jorphan.reflect.ClassFinder.findClassesInOnePath(ClassFinder.java:359) ~[jorphan.jar:5.4.1]
	at org.apache.jorphan.reflect.ClassFinder.findClasses(ClassFinder.java:326) ~[jorphan.jar:5.4.1]
	at org.apache.jorphan.reflect.ClassFinder.findClassesThatExtend(ClassFinder.java:299) ~[jorphan.jar:5.4.1]
	at org.apache.jorphan.reflect.ClassFinder.findClassesThatExtend(ClassFinder.java:231) ~[jorphan.jar:5.4.1]
	at org.apache.jorphan.reflect.ClassFinder.findClassesThatExtend(ClassFinder.java:213) ~[jorphan.jar:5.4.1]
	at org.apache.jorphan.reflect.ClassFinder.findClassesThatExtend(ClassFinder.java:182) ~[jorphan.jar:5.4.1]
	at kg.apc.jmeter.dummy.DummyPanel.init(DummyPanel.java:134) ~[jmeter-plugins-dummy-0.4.jar:?]
	at kg.apc.jmeter.samplers.DummySamplerGui.<init>(DummySamplerGui.java:22) ~[jmeter-plugins-dummy-0.4.jar:?]
	at sun.reflect.NativeConstructorAccessorImpl.newInstance0(Native Method) ~[?:1.8.0_291]
	at sun.reflect.NativeConstructorAccessorImpl.newInstance(Unknown Source) ~[?:1.8.0_291]
	at sun.reflect.DelegatingConstructorAccessorImpl.newInstance(Unknown Source) ~[?:1.8.0_291]
	at java.lang.reflect.Constructor.newInstance(Unknown Source) ~[?:1.8.0_291]
	at org.apache.jmeter.gui.util.MenuFactory.getGUIComponent(MenuFactory.java:207) ~[ApacheJMeter_core.jar:5.4.1]
	at org.apache.jmeter.gui.util.MenuFactory.initializeMenus(MenuFactory.java:151) ~[ApacheJMeter_core.jar:5.4.1]
	at org.apache.jmeter.gui.util.MenuFactory.<clinit>(MenuFactory.java:107) ~[ApacheJMeter_core.jar:5.4.1]
	at org.apache.jmeter.control.gui.TestPlanGui.createPopupMenu(TestPlanGui.java:94) ~[ApacheJMeter_core.jar:5.4.1]
	at org.apache.jmeter.gui.tree.JMeterTreeNode.createPopupMenu(JMeterTreeNode.java:184) ~[ApacheJMeter_core.jar:5.4.1]
	at org.apache.jmeter.gui.action.EditCommand.doAction(EditCommand.java:46) ~[ApacheJMeter_core.jar:5.4.1]
	at org.apache.jmeter.gui.action.ActionRouter.performAction(ActionRouter.java:87) ~[ApacheJMeter_core.jar:5.4.1]
	at org.apache.jmeter.gui.action.ActionRouter.lambda$actionPerformed$0(ActionRouter.java:69) ~[ApacheJMeter_core.jar:5.4.1]
	at java.awt.event.InvocationEvent.dispatch(Unknown Source) ~[?:1.8.0_291]
	at java.awt.EventQueue.dispatchEventImpl(Unknown Source) ~[?:1.8.0_291]
	at java.awt.EventQueue.access$500(Unknown Source) ~[?:1.8.0_291]
	at java.awt.EventQueue$3.run(Unknown Source) ~[?:1.8.0_291]
	at java.awt.EventQueue$3.run(Unknown Source) ~[?:1.8.0_291]
	at java.security.AccessController.doPrivileged(Native Method) ~[?:1.8.0_291]
	at java.security.ProtectionDomain$JavaSecurityAccessImpl.doIntersectionPrivilege(Unknown Source) ~[?:1.8.0_291]
	at java.awt.EventQueue.dispatchEvent(Unknown Source) ~[?:1.8.0_291]
	at java.awt.EventDispatchThread.pumpOneEventForFilters(Unknown Source) ~[?:1.8.0_291]
	at java.awt.EventDispatchThread.pumpEventsForFilter(Unknown Source) ~[?:1.8.0_291]
	at java.awt.EventDispatchThread.pumpEventsForFilter(Unknown Source) ~[?:1.8.0_291]
	at java.awt.WaitDispatchSupport$2.run(Unknown Source) ~[?:1.8.0_291]
	at java.awt.WaitDispatchSupport$4.run(Unknown Source) ~[?:1.8.0_291]
	at java.awt.WaitDispatchSupport$4.run(Unknown Source) ~[?:1.8.0_291]
	at java.security.AccessController.doPrivileged(Native Method) ~[?:1.8.0_291]
	at java.awt.WaitDispatchSupport.enter(Unknown Source) ~[?:1.8.0_291]
	at java.awt.Dialog.show(Unknown Source) ~[?:1.8.0_291]
	at java.awt.Component.show(Unknown Source) ~[?:1.8.0_291]
	at java.awt.Component.setVisible(Unknown Source) ~[?:1.8.0_291]
	at java.awt.Window.setVisible(Unknown Source) ~[?:1.8.0_291]
	at java.awt.Dialog.setVisible(Unknown Source) ~[?:1.8.0_291]
	at org.apache.jmeter.SplashScreen.lambda$showScreen$0(SplashScreen.java:95) ~[ApacheJMeter_core.jar:5.4.1]
	at java.awt.event.InvocationEvent.dispatch(Unknown Source) [?:1.8.0_291]
	at java.awt.EventQueue.dispatchEventImpl(Unknown Source) [?:1.8.0_291]
	at java.awt.EventQueue.access$500(Unknown Source) [?:1.8.0_291]
	at java.awt.EventQueue$3.run(Unknown Source) [?:1.8.0_291]
	at java.awt.EventQueue$3.run(Unknown Source) [?:1.8.0_291]
	at java.security.AccessController.doPrivileged(Native Method) ~[?:1.8.0_291]
	at java.security.ProtectionDomain$JavaSecurityAccessImpl.doIntersectionPrivilege(Unknown Source) [?:1.8.0_291]
	at java.awt.EventQueue.dispatchEvent(Unknown Source) [?:1.8.0_291]
	at java.awt.EventDispatchThread.pumpOneEventForFilters(Unknown Source) [?:1.8.0_291]
	at java.awt.EventDispatchThread.pumpEventsForFilter(Unknown Source) [?:1.8.0_291]
	at java.awt.EventDispatchThread.pumpEventsForHierarchy(Unknown Source) [?:1.8.0_291]
	at java.awt.EventDispatchThread.pumpEvents(Unknown Source) [?:1.8.0_291]
	at java.awt.EventDispatchThread.pumpEvents(Unknown Source) [?:1.8.0_291]
	at java.awt.EventDispatchThread.run(Unknown Source) [?:1.8.0_291]
2021-06-28 08:54:45,921 INFO o.j.r.PluginManager: Plugins Status: [jpgc-graphs-basic=2.0, jpgc-graphs-additional=2.0, jpgc-autostop=0.1, jpgc-cmd=2.2, jpgc-graphs-composite=2.0, jpgc-csl=0.1, jpgc-functions=2.1, custom-soap=1.3.3, jpgc-casutg=2.9, jpgc-graphs-dist=2.0, jpgc-dummy=0.4, jpgc-ffw=2.0, jpgc-ggl=2.0, tilln-formman=1.0, jpgc-fifo=0.2, jmeter.pack-listener=1.7, jmeter-grpc-request=1.1.1, mqtt-sampler=0.0.1-SNAPSHOT, bzm-parallel=0.11, jpgc-perfmon=2.1, jpgc-plugins-manager=1.6, jpgc-redis=0.3, jpgc-webdriver=3.3, jpgc-plancheck=2.4, jpgc-tst=2.5, jpgc-wsc=0.7, jpgc-xml=0.1, jmeter-core=5.4.1, jmeter-ftp=5.4.1, jmeter-http=5.4.1, jmeter-jdbc=5.4.1, jmeter-jms=5.4.1, jmeter-junit=5.4.1, jmeter-java=5.4.1, jmeter-ldap=5.4.1, jmeter-mail=5.4.1, jmeter-mongodb=5.4.1, jmeter-native=5.4.1, jmeter-tcp=5.4.1, jmeter-components=5.4.1, jpgc-standard=2.0]
